<?xml version="1.0" encoding="UTF-8"?>
<testng-results ignored="0" total="1" passed="1" failed="0" skipped="0">
  <reporter-output>
  </reporter-output>
  <suite started-at="2025-02-17T19:22:46 IST" name="Default suite" finished-at="2025-02-17T19:22:48 IST" duration-ms="1277">
    <groups>
    </groups>
    <test started-at="2025-02-17T19:22:46 IST" name="Default test" finished-at="2025-02-17T19:22:48 IST" duration-ms="1277">
      <class name="RESTAPIPACKAGE.Test_Delete">
        <test-method signature="test_delete()[pri:0, instance:RESTAPIPACKAGE.Test_Delete@1e0b4072]" started-at="2025-02-17T19:22:47 IST" name="test_delete" finished-at="2025-02-17T19:22:48 IST" duration-ms="1244" status="PASS">
          <reporter-output>
          </reporter-output>
        </test-method> <!-- test_delete -->
      </class> <!-- RESTAPIPACKAGE.Test_Delete -->
    </test> <!-- Default test -->
  </suite> <!-- Default suite -->
</testng-results>
